<?xml version="1.0" encoding="UTF-8"?>
<testng-results ignored="0" total="2" passed="2" failed="0" skipped="0">
  <reporter-output>
  </reporter-output>
  <suite started-at="2021-02-27T14:01:34 IST" name="Suite" finished-at="2021-02-27T14:01:52 IST" duration-ms="17298">
    <groups>
    </groups>
    <test started-at="2021-02-27T14:01:34 IST" name="Test" finished-at="2021-02-27T14:01:52 IST" duration-ms="17298">
      <class name="com.EA.QA.TestCase.HomePageTest">
        <test-method is-config="true" signature="setup()[pri:0, instance:com.EA.QA.TestCase.HomePageTest@68c72235]" started-at="2021-02-27T14:01:35 IST" name="setup" finished-at="2021-02-27T14:01:42 IST" duration-ms="6382" status="PASS">
          <reporter-output>
          </reporter-output>
        </test-method> <!-- setup -->
        <test-method signature="firstnameInsertTest(java.lang.String, java.lang.String)[pri:0, instance:com.EA.QA.TestCase.HomePageTest@68c72235]" started-at="2021-02-27T14:01:42 IST" name="firstnameInsertTest" data-provider="getTestData" finished-at="2021-02-27T14:01:43 IST" duration-ms="1356" status="PASS">
          <params>
            <param index="0">
              <value>
                <![CDATA[Viki]]>
              </value>
            </param>
            <param index="1">
              <value>
                <![CDATA[Jio]]>
              </value>
            </param>
          </params>
          <reporter-output>
          </reporter-output>
        </test-method> <!-- firstnameInsertTest -->
        <test-method is-config="true" signature="teardown()[pri:0, instance:com.EA.QA.TestCase.HomePageTest@68c72235]" started-at="2021-02-27T14:01:43 IST" name="teardown" finished-at="2021-02-27T14:01:44 IST" duration-ms="734" status="PASS">
          <reporter-output>
          </reporter-output>
        </test-method> <!-- teardown -->
        <test-method is-config="true" signature="setup()[pri:0, instance:com.EA.QA.TestCase.HomePageTest@68c72235]" started-at="2021-02-27T14:01:44 IST" name="setup" finished-at="2021-02-27T14:01:49 IST" duration-ms="5831" status="PASS">
          <reporter-output>
          </reporter-output>
        </test-method> <!-- setup -->
        <test-method signature="firstnameInsertTest(java.lang.String, java.lang.String)[pri:0, instance:com.EA.QA.TestCase.HomePageTest@68c72235]" started-at="2021-02-27T14:01:49 IST" name="firstnameInsertTest" data-provider="getTestData" finished-at="2021-02-27T14:01:51 IST" duration-ms="1597" status="PASS">
          <params>
            <param index="0">
              <value>
                <![CDATA[Sou]]>
              </value>
            </param>
            <param index="1">
              <value>
                <![CDATA[Voda]]>
              </value>
            </param>
          </params>
          <reporter-output>
          </reporter-output>
        </test-method> <!-- firstnameInsertTest -->
        <test-method is-config="true" signature="teardown()[pri:0, instance:com.EA.QA.TestCase.HomePageTest@68c72235]" started-at="2021-02-27T14:01:51 IST" name="teardown" finished-at="2021-02-27T14:01:52 IST" duration-ms="622" status="PASS">
          <reporter-output>
          </reporter-output>
        </test-method> <!-- teardown -->
      </class> <!-- com.EA.QA.TestCase.HomePageTest -->
    </test> <!-- Test -->
  </suite> <!-- Suite -->
</testng-results>
